
XBlock runtime environment version: 1

runXBlockDiagnostics (window.self)
XBlock [object Window] : top (Object)
XBlock [object Window] : location (Object)
XBlock [object Window] : document (Object)
XBlock [object Window] : window (Object)
XBlock [object Window] : external (Object)
XBlock [object Window] : chrome (Object)
XBlock [object Window] : studentId ["student_1"]
XBlock [object Window] : handlerBaseUrl ["/handler/"]
XBlock [object Window] : asideBaseUrl ["/aside_handler/"]
XBlock [object Window] : $ (Object)
XBlock [object Window] : jQuery (Object)
XBlock [object Window] : CTATCanvasComponent (Object)
XBlock [object Window] : CTATCSS (Object)
XBlock [object Window] : CTATGlobals (Object)
XBlock [object Window] : useDebugging (Object)
XBlock [object Window] : useDebuggingBasic (Object)
XBlock [object Window] : debugPointer (Object)
XBlock [object Window] : globalCommDisabled (Object)
XBlock [object Window] : customconsole (Object)
XBlock [object Window] : lastMessage (Object)
XBlock [object Window] : noScrim (Object)
XBlock [object Window] : version ["4.0.0-alpha.1"]
XBlock [object Window] : contextGUID [""]
XBlock [object Window] : orientation ["portrait"]
XBlock [object Window] : ctatcontainer ["container"]
XBlock [object Window] : ctatcanvas (Object)
XBlock [object Window] : lineCounter (Object)
XBlock [object Window] : windowPadding (Object)
XBlock [object Window] : currentComponentPointer (Object)
XBlock [object Window] : movieclips (Object)
XBlock [object Window] : startStateHandlers (Object)
XBlock [object Window] : inStartState (Object)
XBlock [object Window] : globalDebugger (Object)
XBlock [object Window] : correctColor ["#00cc00"]
XBlock [object Window] : incorrectColor ["#ff0000"]
XBlock [object Window] : highlightColor ["#ffff00"]
XBlock [object Window] : hintColor ["#ffff00"]
XBlock [object Window] : canvasCalibrate (Object)
XBlock [object Window] : scriptElement [""]
XBlock [object Window] : flashVars (Object)
XBlock [object Window] : commShell (Object)
XBlock [object Window] : mobileAPI (Object)
XBlock [object Window] : skillSet (Object)
XBlock [object Window] : aVars (Object)
XBlock [object Window] : commLibrary (Object)
XBlock [object Window] : commLMSService (Object)
XBlock [object Window] : commMessageBuilder (Object)
XBlock [object Window] : commMessageHandler (Object)
XBlock [object Window] : commLogMessageBuilder (Object)
XBlock [object Window] : commLoggingLibrary (Object)
XBlock [object Window] : nameTranslator (Object)
XBlock [object Window] : hints (Object)
XBlock [object Window] : hintIndex (Object)
XBlock [object Window] : caseInsensitive (Object)
XBlock [object Window] : unordered (Object)
XBlock [object Window] : lockWidget (Object)
XBlock [object Window] : highlightRightSelection (Object)
XBlock [object Window] : confirmDone (Object)
XBlock [object Window] : globalGlowStringContent ["0px 0px 15px 5px rgba(255, 255, 0, 1.0)"]
XBlock [object Window] : globalGlowString ["-webkit-box-shadow: 0px 0px 15px 5px rgba(255, 255, 0, 1.0); -moz-box-shadow: 0px 0px 15px 5px rgba(255, 255, 0, 1.0); box-shadow: 0px 0px 15px 5px rgba(255, 255, 0, 1.0); "]
XBlock [object Window] : globalCorrectString ["-webkit-box-shadow: 0px 0px 15px 5px rgba(0, 255, 0, 1.0); -moz-box-shadow: 0px 0px 15px 5px rgba(0, 255, 0, 1.0); box-shadow: 0px 0px 15px 5px rgba(0, 255, 0, 1.0); "]
XBlock [object Window] : globalInCorrectString ["-webkit-box-shadow: 0px 0px 15px 5px rgba(255, 0, 0, 1.0); -moz-box-shadow: 0px 0px 15px 5px rgba(255, 0, 0, 1.0); box-shadow: 0px 0px 15px 5px rgba(255, 0, 0, 1.0); "]
XBlock [object Window] : globalBackgroundColor ["#ffffff"]
XBlock [object Window] : globalBorderColor ["#cccccc"]
XBlock [object Window] : globalFontColor ["#000000"]
XBlock [object Window] : globalFontFamily ["Verdana"]
XBlock [object Window] : globalFontSize (Object)
XBlock [object Window] : globalShowBorder (Object)
XBlock [object Window] : globalAlign ["left"]
XBlock [object Window] : globalBorderString ["1px solid"]
XBlock [object Window] : dialogDiv (Object)
XBlock [object Window] : incompatibleBrowserMessage ["Your browser does not support CTAT. Please update or replace your browser."]
XBlock [object Window] : detailedFeedback (Object)
XBlock [object Window] : oliMessageHandler (Object)
XBlock [object Window] : oliComm (Object)
XBlock [object Window] : oliCommLibrary (Object)
XBlock [object Window] : oliDriver (Object)
XBlock [object Window] : enableDetailedFeedback (Object)
XBlock [object Window] : CTATStringUtil (Object)
XBlock [object Window] : CTATConfig (Object)
XBlock [object Window] : CTAT (Object)
XBlock [object Window] : CTATArgument (Object)
XBlock [object Window] : CTATComponentReference (Object)
XBlock [object Window] : CTATXBlock (Object)
XBlock [object Window] : CTATCustomLogElementObject (Object)
XBlock [object Window] : CTATGuid (Object)
XBlock [object Window] : CTATSandboxDriver (Object)
XBlock [object Window] : getSafeElementById (Object)
XBlock [object Window] : CTATGlobalFunctions (Object)
XBlock [object Window] : noenter (Object)
XBlock [object Window] : componentToHex (Object)
XBlock [object Window] : rgbToHex (Object)
XBlock [object Window] : hexToRgb (Object)
XBlock [object Window] : parseQueryString (Object)
XBlock [object Window] : parseQueryStringArgs (Object)
XBlock [object Window] : tutorPrep (Object)
XBlock [object Window] : setOrientation (Object)
XBlock [object Window] : thisMovie (Object)
XBlock [object Window] : introspect (Object)
XBlock [object Window] : findPointOfAttachment (Object)
XBlock [object Window] : findMovieClip (Object)
XBlock [object Window] : colName (Object)
XBlock [object Window] : selectText (Object)
XBlock [object Window] : urldecode (Object)
XBlock [object Window] : detectIE (Object)
XBlock [object Window] : listProperties (Object)
XBlock [object Window] : listPropertiesKV (Object)
XBlock [object Window] : getIndicesOf (Object)
XBlock [object Window] : CTATHTMLManager (Object)
XBlock [object Window] : CTATTools (Object)
XBlock [object Window] : s4 (Object)
XBlock [object Window] : guid (Object)
XBlock [object Window] : htmlEscape (Object)
XBlock [object Window] : htmlUnescape (Object)
XBlock [object Window] : tableCreate (Object)
XBlock [object Window] : CTATBase (Object)
XBlock [object Window] : formatLogMessageGoogle (Object)
XBlock [object Window] : ctatdebug (Object)
XBlock [object Window] : CTATFlashVars (Object)
XBlock [object Window] : CTATGraphicsTools (Object)
XBlock [object Window] : CTATMobileTutorHandler (Object)
XBlock [object Window] : processTextFocus (Object)
XBlock [object Window] : processFocusOut (Object)
XBlock [object Window] : CTATShape (Object)
XBlock [object Window] : CTATScrim (Object)
XBlock [object Window] : CTATConnection (Object)
XBlock [object Window] : bundleFormatter [""]
XBlock [object Window] : inBundle (Object)
XBlock [object Window] : useBundling (Object)
XBlock [object Window] : useOLIEncoding (Object)
XBlock [object Window] : CTATCommLibrary (Object)
XBlock [object Window] : CTATJSONObject (Object)
XBlock [object Window] : transformArray (Object)
XBlock [object Window] : CTATJSON (Object)
XBlock [object Window] : CTATXML (Object)
XBlock [object Window] : CTATActionEvaluationData (Object)
XBlock [object Window] : CTATLogMessageBuilder (Object)
XBlock [object Window] : loggingDisabled (Object)
XBlock [object Window] : CTATLoggingLibrary (Object)
XBlock [object Window] : CTATTutorMessageBuilder (Object)
XBlock [object Window] : CTATCompBase (Object)
XBlock [object Window] : CTATMovieClip (Object)
XBlock [object Window] : CTATPlayButton (Object)
XBlock [object Window] : CTATSkill (Object)
XBlock [object Window] : CTATSkillSet (Object)
XBlock [object Window] : CTATComponentDescription (Object)
XBlock [object Window] : CTATSkillWindow (Object)
XBlock [object Window] : CTATSAI (Object)
XBlock [object Window] : CTATMessage (Object)
XBlock [object Window] : CTATTutoringServiceMessageBuilder (Object)
XBlock [object Window] : CTATButtonBasedComponent (Object)
XBlock [object Window] : CTATImageButtonComponent (Object)
XBlock [object Window] : CTATTextBasedComponent (Object)
XBlock [object Window] : CTATAudioButton (Object)
XBlock [object Window] : CTATButton (Object)
XBlock [object Window] : CTATComboBox (Object)
XBlock [object Window] : CTATFractionBar (Object)
XBlock [object Window] : CTATGroupingComponent (Object)
XBlock [object Window] : CTATImageButton (Object)
XBlock [object Window] : CTATControllerButton (Object)
XBlock [object Window] : CTATJumble (Object)
XBlock [object Window] : CTATNumberLine (Object)
XBlock [object Window] : CTATNumericStepper (Object)
XBlock [object Window] : CTATPieChart (Object)
XBlock [object Window] : CTATScrollPaneComponent (Object)
XBlock [object Window] : CTATSubmitButton (Object)
XBlock [object Window] : CTATTextArea (Object)
XBlock [object Window] : CTATTextField (Object)
XBlock [object Window] : CTATTextInput (Object)
XBlock [object Window] : CTATVideo (Object)
XBlock [object Window] : CTATNameTranslator (Object)
XBlock [object Window] : CTATShellTools (Object)
XBlock [object Window] : CTATMessageHandler (Object)
XBlock [object Window] : CTATCheckBox (Object)
XBlock [object Window] : CTATHintWindow (Object)
XBlock [object Window] : CTATRadioButton (Object)
XBlock [object Window] : CTATTable (Object)
XBlock [object Window] : CTATVariable (Object)
XBlock [object Window] : CTATCurriculumService (Object)
XBlock [object Window] : CTATCommShell (Object)
XBlock [object Window] : CTATDoneButton (Object)
XBlock [object Window] : CTATHintButton (Object)
XBlock [object Window] : CTATTutor (Object)
XBlock [object Window] : assignNameTranslator (Object)
XBlock [object Window] : initTutor (Object)
XBlock [object Window] : receiveFromTutor (Object)
XBlock [object Window] : saveAndQuit (Object)
XBlock [object Window] : prepTutorArea (Object)
XBlock [object Window] : assignAnonymousGradingProcessor (Object)
XBlock [object Window] : gradeAnonymousComponent (Object)
XBlock [object Window] : testTutor (Object)
XBlock [object Window] : centerTutorContainer (Object)
XBlock [object Window] : checkTutorCanvas (Object)
XBlock [object Window] : init (Object)
XBlock [object Window] : CTATHintPolicyEnum (Object)
XBlock [object Window] : CTATExampleTracerException (Object)
XBlock [object Window] : CTATMsgType (Object)
XBlock [object Window] : CTATVariableTableCount (Object)
XBlock [object Window] : CTATVariableTable (Object)
XBlock [object Window] : CTATLinkGroup (Object)
XBlock [object Window] : CTATVersionComparator (Object)
XBlock [object Window] : CTATMatcher (Object)
XBlock [object Window] : CTATExampleTracerSkill (Object)
XBlock [object Window] : CTATSkills (Object)
XBlock [object Window] : CTATDefaultLinkGroup (Object)
XBlock [object Window] : CTATExampleTracerNode (Object)
XBlock [object Window] : CTATExampleTracerPathComparator (Object)
XBlock [object Window] : CTATGroupIterator (Object)
XBlock [object Window] : CTATGroupModel (Object)
XBlock [object Window] : CTATStep (Object)
XBlock [object Window] : CTATProblemSummary (Object)
XBlock [object Window] : CTATDefaultGroupModel (Object)
XBlock [object Window] : CTATProblemStateStatus (Object)
XBlock [object Window] : ProblemStateSaver (Object)
XBlock [object Window] : ProblemStateRestorer (Object)
XBlock [object Window] : CTATFormulaFunctions (Object)
XBlock [object Window] : CTATTreeNode (Object)
XBlock [object Window] : CTATRelationNode (Object)
XBlock [object Window] : CTATAdditionNode (Object)
XBlock [object Window] : CTATMultiplicationNode (Object)
XBlock [object Window] : CTATIntDivisionNode (Object)
XBlock [object Window] : CTATUnaryNode (Object)
XBlock [object Window] : CTATPowerNode (Object)
XBlock [object Window] : CTATVariableNode (Object)
XBlock [object Window] : CTATConstantNode (Object)
XBlock [object Window] : CTATAlgebraGrammar (Object)
XBlock [object Window] : parser (Object)
XBlock [object Window] : CTATAlgebraParser (Object)
XBlock [object Window] : CTATFormulaParser (Object)
XBlock [object Window] : CTATExampleTracerLink (Object)
XBlock [object Window] : CTATSingleMatcher (Object)
XBlock [object Window] : CTATAnyMatcher (Object)
XBlock [object Window] : CTATExactMatcher (Object)
XBlock [object Window] : CTATRegexMatcher (Object)
XBlock [object Window] : CTATExampleTracerEvent (Object)
XBlock [object Window] : CTATExpressionMatcher (Object)
XBlock [object Window] : CTATRangeMatcher (Object)
XBlock [object Window] : CTATExampleTracerPath (Object)
XBlock [object Window] : CTATWildcardMatcher (Object)
XBlock [object Window] : CTATVectorMatcher (Object)
XBlock [object Window] : CTATMatcherComparator (Object)
XBlock [object Window] : CTATExampleTracerInterpretationComparator (Object)
XBlock [object Window] : CTATExampleTracerLinkComparator (Object)
XBlock [object Window] : CTATExampleTracerInterpretation (Object)
XBlock [object Window] : CTATExampleTracerTracer_count (Object)
XBlock [object Window] : CTATExampleTracerTracer (Object)
XBlock [object Window] : CTATExampleTracerGraph (Object)
XBlock [object Window] : CTATMessageTank (Object)
XBlock [object Window] : CTATGraphParser (Object)
XBlock [object Window] : CTATExampleTracer (Object)
XBlock [object Window] : jstz (Object)
XBlock [object Window] : Spinner (Object)
XBlock [object Window] : DOMPoint (Object)
XBlock [object Window] : DOMRect (Object)
XBlock [object Window] : CTATTarget ["XBlock"]
XBlock [object Window] : Iterator (Object)
XBlock [object Window] : InternalGroupIterator (Object)
XBlock [object Window] : FlashVars (Object)
XBlock [object Window] : loadjscssfile (Object)
XBlock [object Window] : dumpOLIEnvironment (Object)
XBlock [object Window] : loadCTAT (Object)
XBlock [object Window] : initOnload (Object)
XBlock [object Window] : OLIReady (Object)
XBlock [object Window] : jQuery1720026435654144734144 (Object)
XBlock [object Window] : RuntimeProvider (Object)
XBlock [object Window] : XBlock (Object)
XBlock [object Window] : XBlockAsides (Object)
XBlock [object Window] : ThumbsAside (Object)
XBlock [object Window] : ThumbsBlock (Object)
XBlock [object Window] : acid_update_status (Object)
XBlock [object Window] : AcidBlock (Object)
XBlock [object Window] : AcidAsideBlock (Object)
XBlock [object Window] : baseUrl ["/aside_handler/"]
XBlock [object Window] : speechSynthesis (Object)
XBlock [object Window] : caches (Object)
XBlock [object Window] : localStorage (Object)
XBlock [object Window] : sessionStorage (Object)
'window.webkitStorageInfo' is deprecated. Please use 'navigator.webkitTemporaryStorage' or 'navigator.webkitPersistentStorage' instead.
XBlock [object Window] : webkitStorageInfo (Object)
XBlock [object Window] : indexedDB (Object)
'webkitIndexedDB' is deprecated. Please use 'indexedDB' instead.
XBlock [object Window] : webkitIndexedDB (Object)
XBlock [object Window] : crypto (Object)
XBlock [object Window] : applicationCache (Object)
XBlock [object Window] : performance (Object)
XBlock [object Window] : styleMedia (Object)
XBlock [object Window] : defaultstatus [""]
XBlock [object Window] : defaultStatus [""]
XBlock [object Window] : screenTop (Object)
XBlock [object Window] : screenLeft (Object)
XBlock [object Window] : clientInformation (Object)
XBlock [object Window] : console (Object)
XBlock [object Window] : devicePixelRatio (Object)
XBlock [object Window] : outerHeight (Object)
XBlock [object Window] : outerWidth (Object)
XBlock [object Window] : screenY (Object)
XBlock [object Window] : screenX (Object)
XBlock [object Window] : pageYOffset (Object)
XBlock [object Window] : scrollY (Object)
XBlock [object Window] : pageXOffset (Object)
XBlock [object Window] : scrollX (Object)
XBlock [object Window] : innerHeight (Object)
XBlock [object Window] : innerWidth (Object)
XBlock [object Window] : screen (Object)
XBlock [object Window] : navigator (Object)
XBlock [object Window] : frameElement (Object)
XBlock [object Window] : parent (Object)
XBlock [object Window] : opener (Object)
XBlock [object Window] : length (Object)
XBlock [object Window] : frames (Object)
XBlock [object Window] : closed (Object)
XBlock [object Window] : status [""]
XBlock [object Window] : toolbar (Object)
XBlock [object Window] : statusbar (Object)
XBlock [object Window] : scrollbars (Object)
XBlock [object Window] : personalbar (Object)
XBlock [object Window] : menubar (Object)
XBlock [object Window] : locationbar (Object)
XBlock [object Window] : history (Object)
XBlock [object Window] : name [""]
XBlock [object Window] : self (Object)
runXBlockDiagnostics () done

runXBlockDiagnostics (window.self.RuntimeProvider.getRuntime (version))
XBlock [object Object] : handlerUrl (Object)
XBlock [object Object] : children (Object)
XBlock [object Object] : childMap (Object)
runXBlockDiagnostics () done

runXBlockDiagnostics (window.XBlock)
XBlock [object Object] : initializeBlocks (Object)
runXBlockDiagnostics () done
